<databaseChangeLog xmlns="http://www.liquibase.org/xml/ns/dbchangelog"
    xmlns:xsi="http://www.w3.org/2001/XMLSchema-instance" xmlns:ext="http://www.liquibase.org/xml/ns/dbchangelog-ext"
    xsi:schemaLocation="
        http://www.liquibase.org/xml/ns/dbchangelog http://www.liquibase.org/xml/ns/dbchangelog/dbchangelog-3.0.xsd
        http://www.liquibase.org/xml/ns/dbchangelog-ext http://www.liquibase.org/xml/ns/dbchangelog/dbchangelog-ext.xsd">

    <changeSet id="5" author="n.bobkov">
        <insert tableName="roles">
            <column name="role" value="ROLE_FORESTER" />
        </insert>
    </changeSet>
    <changeSet id="4" author="n.bobkov">
        <insert tableName="roles">
            <column name="role" value="ROLE_ADMIN" />
        </insert>
    </changeSet> 
     <changeSet id="6" author="n.bobkov">
        <insert tableName="users">
            <column name="real_name" value="Бобков Никита" />
            <column name="phone_number" value="+375298961818" />
            <column name="email" value="nekit203@mail.ru" />
           <column name="password" value= "md5('1')"/>
        </insert>
    </changeSet>
         <changeSet id="7" author="n.bobkov">
        <insert tableName="users_roles">
            <column name="user_id" value="1" />
            <column name="role_id" value="2" />
        </insert>
    </changeSet>
</databaseChangeLog>
